# Logfile created on 2026-06-06 16:18:46 +0200 by logger.rb/v1.5.3
2026-06-06 16:18:46 +0200: Memory Usage (433048K) : Starting running SG13CMOS5L Klayout LVS runset on /foss/designs/master/bandgap_res/const_gm_bias.gds
2026-06-06 16:18:46 +0200: Memory Usage (433048K) : Ruby Version for klayout: 3.2.3
2026-06-06 16:18:46 +0200: Memory Usage (434432K) : Loading database to memory is complete.
2026-06-06 16:18:46 +0200: Memory Usage (434432K) : SG13CMOS5L Klayout LVS runset output at: /foss/designs/master/lvs/const_gm_bias.lvsdb
2026-06-06 16:18:46 +0200: Memory Usage (434432K) : Evaluate switches.
2026-06-06 16:18:46 +0200: Memory Usage (434432K) : Extracted netlist with net names: true
2026-06-06 16:18:46 +0200: Memory Usage (434432K) : Extracted netlist with comments in details: false
2026-06-06 16:18:46 +0200: Memory Usage (434432K) : Selected NET_ONLY option: false
2026-06-06 16:18:46 +0200: Memory Usage (434432K) : Selected LAYOUT_NETLIST option: (none)
2026-06-06 16:18:46 +0200: Memory Usage (434432K) : Selected IGNORE_TOP_PORTS_MISMATCH option: 
2026-06-06 16:18:46 +0200: Memory Usage (434432K) : Selected IMPLICIT_NETS option: (none)
2026-06-06 16:18:46 +0200: Memory Usage (434432K) : Selected TOP_LVL_PINS option: false
2026-06-06 16:18:46 +0200: Memory Usage (434432K) : Selected COMBINE DEVICES option: false
2026-06-06 16:18:46 +0200: Memory Usage (434432K) : Selected PURGE option: false
2026-06-06 16:18:46 +0200: Memory Usage (434432K) : Selected PURGE_NETS option: false
2026-06-06 16:18:46 +0200: Memory Usage (434432K) : Selected SIMPLIFY option: true
2026-06-06 16:18:46 +0200: Memory Usage (434432K) : Selected SERIES_RES option: true
2026-06-06 16:18:46 +0200: Memory Usage (434432K) : Selected PARALLEL_RES option: true
2026-06-06 16:18:46 +0200: Memory Usage (434432K) : flat  mode is enabled.
2026-06-06 16:18:46 +0200: Memory Usage (434568K) : Netlist file: /foss/designs/master/simulations/const_gm_bias.spice
2026-06-06 16:18:46 +0200: Memory Usage (434568K) : LVS extracted netlist at: /foss/designs/master/lvs/const_gm_bias_extracted.cir
2026-06-06 16:18:46 +0200: Memory Usage (434568K) : Applying SRAM integration support.
2026-06-06 16:18:46 +0200: Memory Usage (434568K) : Starting SG13CMOS5L LVS runset
2026-06-06 16:18:46 +0200: Memory Usage (434568K) : Read in polygons from layers.
2026-06-06 16:18:46 +0200: Memory Usage (435136K) : activ_drw has 23 polygons
2026-06-06 16:18:46 +0200: Memory Usage (435136K) : activ_filler has 0 polygons
2026-06-06 16:18:46 +0200: Memory Usage (435276K) : activ has 23 polygons
2026-06-06 16:18:46 +0200: Memory Usage (435276K) : activ_pin has 0 polygons
2026-06-06 16:18:46 +0200: Memory Usage (435276K) : activ_mask has 0 polygons
2026-06-06 16:18:46 +0200: Memory Usage (435276K) : activ_nofill has 0 polygons
2026-06-06 16:18:46 +0200: Memory Usage (435276K) : activ_OPC has 0 polygons
2026-06-06 16:18:46 +0200: Memory Usage (435276K) : activ_iOPC has 0 polygons
2026-06-06 16:18:46 +0200: Memory Usage (435276K) : activ_noqrc has 0 polygons
2026-06-06 16:18:46 +0200: Memory Usage (435276K) : biwind_drw has 0 polygons
2026-06-06 16:18:46 +0200: Memory Usage (435404K) : biwind_OPC has 0 polygons
2026-06-06 16:18:46 +0200: Memory Usage (435404K) : gatpoly_drw has 4 polygons
2026-06-06 16:18:46 +0200: Memory Usage (435532K) : gatpoly_filler has 0 polygons
2026-06-06 16:18:46 +0200: Memory Usage (435660K) : gatpoly has 4 polygons
2026-06-06 16:18:46 +0200: Memory Usage (435788K) : gatpoly_pin has 20 polygons
2026-06-06 16:18:46 +0200: Memory Usage (435916K) : gatpoly_nofill has 0 polygons
2026-06-06 16:18:46 +0200: Memory Usage (436300K) : gatpoly_OPC has 0 polygons
2026-06-06 16:18:46 +0200: Memory Usage (436300K) : gatpoly_iOPC has 0 polygons
2026-06-06 16:18:46 +0200: Memory Usage (436300K) : gatpoly_noqrc has 0 polygons
2026-06-06 16:18:46 +0200: Memory Usage (436428K) : cont_drw has 68 polygons
2026-06-06 16:18:46 +0200: Memory Usage (436556K) : cont_OPC has 0 polygons
2026-06-06 16:18:46 +0200: Memory Usage (436684K) : nsd_drw has 1 polygons
2026-06-06 16:18:46 +0200: Memory Usage (436812K) : nsd_block has 0 polygons
2026-06-06 16:18:46 +0200: Memory Usage (437068K) : metal1_drw has 17 polygons
2026-06-06 16:18:46 +0200: Memory Usage (437196K) : metal1_filler has 0 polygons
2026-06-06 16:18:46 +0200: Memory Usage (437324K) : metal1_slit has 0 polygons
2026-06-06 16:18:46 +0200: Memory Usage (437580K) : metal1 has 17 polygons
2026-06-06 16:18:46 +0200: Memory Usage (437708K) : metal1_pin has 44 polygons
2026-06-06 16:18:46 +0200: Memory Usage (437836K) : metal1_mask has 0 polygons
2026-06-06 16:18:46 +0200: Memory Usage (437964K) : metal1_nofill has 0 polygons
2026-06-06 16:18:46 +0200: Memory Usage (438092K) : metal1_text has 2 polygons
2026-06-06 16:18:46 +0200: Memory Usage (438220K) : metal1_OPC has 0 polygons
2026-06-06 16:18:46 +0200: Memory Usage (438348K) : metal1_noqrc has 0 polygons
2026-06-06 16:18:46 +0200: Memory Usage (438476K) : metal1_res has 0 polygons
2026-06-06 16:18:46 +0200: Memory Usage (438604K) : metal1_iprobe has 0 polygons
2026-06-06 16:18:46 +0200: Memory Usage (438732K) : metal1_diffprb has 0 polygons
2026-06-06 16:18:46 +0200: Memory Usage (438860K) : passiv_drw has 0 polygons
2026-06-06 16:18:46 +0200: Memory Usage (438988K) : passiv_pin has 0 polygons
2026-06-06 16:18:46 +0200: Memory Usage (439116K) : passiv_sbump has 0 polygons
2026-06-06 16:18:46 +0200: Memory Usage (439372K) : passiv_pillar has 0 polygons
2026-06-06 16:18:46 +0200: Memory Usage (439500K) : passiv_pdl has 0 polygons
2026-06-06 16:18:46 +0200: Memory Usage (439628K) : metal2_drw has 5 polygons
2026-06-06 16:18:46 +0200: Memory Usage (439756K) : metal2_filler has 0 polygons
2026-06-06 16:18:46 +0200: Memory Usage (439884K) : metal2_slit has 0 polygons
2026-06-06 16:18:46 +0200: Memory Usage (440012K) : metal2 has 5 polygons
2026-06-06 16:18:46 +0200: Memory Usage (440268K) : metal2_pin has 1 polygons
2026-06-06 16:18:46 +0200: Memory Usage (440396K) : metal2_mask has 0 polygons
2026-06-06 16:18:46 +0200: Memory Usage (440524K) : metal2_nofill has 0 polygons
2026-06-06 16:18:46 +0200: Memory Usage (440524K) : metal2_text has 1 polygons
2026-06-06 16:18:46 +0200: Memory Usage (440652K) : metal2_OPC has 0 polygons
2026-06-06 16:18:46 +0200: Memory Usage (440780K) : metal2_noqrc has 0 polygons
2026-06-06 16:18:46 +0200: Memory Usage (441036K) : metal2_res has 0 polygons
2026-06-06 16:18:46 +0200: Memory Usage (441164K) : metal2_iprobe has 0 polygons
2026-06-06 16:18:46 +0200: Memory Usage (441292K) : metal2_diffprb has 0 polygons
2026-06-06 16:18:46 +0200: Memory Usage (441420K) : baspoly_drw has 0 polygons
2026-06-06 16:18:46 +0200: Memory Usage (441548K) : baspoly_pin has 0 polygons
2026-06-06 16:18:46 +0200: Memory Usage (441804K) : psd_drw has 13 polygons
2026-06-06 16:18:46 +0200: Memory Usage (441932K) : nldb_drw has 0 polygons
2026-06-06 16:18:46 +0200: Memory Usage (442060K) : digibnd_drw has 0 polygons
2026-06-06 16:18:46 +0200: Memory Usage (442188K) : via1_drw has 28 polygons
2026-06-06 16:18:46 +0200: Memory Usage (442316K) : backmetal1_drw has 0 polygons
2026-06-06 16:18:46 +0200: Memory Usage (442572K) : backmetal1_pin has 0 polygons
2026-06-06 16:18:46 +0200: Memory Usage (442700K) : backmetal1_mask has 0 polygons
2026-06-06 16:18:46 +0200: Memory Usage (442828K) : backmetal1_filler has 0 polygons
2026-06-06 16:18:46 +0200: Memory Usage (442956K) : backmetal1_nofill has 0 polygons
2026-06-06 16:18:46 +0200: Memory Usage (442956K) : backmetal1_slit has 0 polygons
2026-06-06 16:18:46 +0200: Memory Usage (443084K) : backmetal1_text has 0 polygons
2026-06-06 16:18:46 +0200: Memory Usage (443340K) : backmetal1_OPC has 0 polygons
2026-06-06 16:18:46 +0200: Memory Usage (443468K) : backmetal1_noqrc has 0 polygons
2026-06-06 16:18:46 +0200: Memory Usage (443596K) : backmetal1_res has 0 polygons
2026-06-06 16:18:46 +0200: Memory Usage (443724K) : backmetal1_iprobe has 0 polygons
2026-06-06 16:18:46 +0200: Memory Usage (443852K) : backmetal1_diffprb has 0 polygons
2026-06-06 16:18:46 +0200: Memory Usage (443852K) : backpassiv_drw has 0 polygons
2026-06-06 16:18:46 +0200: Memory Usage (443980K) : res_drw has 0 polygons
2026-06-06 16:18:46 +0200: Memory Usage (444108K) : sram_drw has 0 polygons
2026-06-06 16:18:46 +0200: Memory Usage (444108K) : trans_drw has 0 polygons
2026-06-06 16:18:46 +0200: Memory Usage (444108K) : ind_drw has 0 polygons
2026-06-06 16:18:46 +0200: Memory Usage (444236K) : ind_pin has 0 polygons
2026-06-06 16:18:46 +0200: Memory Usage (444236K) : ind_text has 0 polygons
2026-06-06 16:18:46 +0200: Memory Usage (444364K) : salblock_drw has 1 polygons
2026-06-06 16:18:46 +0200: Memory Usage (444364K) : via2_drw has 8 polygons
2026-06-06 16:18:46 +0200: Memory Usage (444492K) : metal3_drw has 1 polygons
2026-06-06 16:18:46 +0200: Memory Usage (444620K) : metal3_filler has 0 polygons
2026-06-06 16:18:46 +0200: Memory Usage (444748K) : metal3_slit has 0 polygons
2026-06-06 16:18:46 +0200: Memory Usage (444876K) : metal3 has 1 polygons
2026-06-06 16:18:46 +0200: Memory Usage (445004K) : metal3_pin has 0 polygons
2026-06-06 16:18:46 +0200: Memory Usage (445132K) : metal3_mask has 0 polygons
2026-06-06 16:18:46 +0200: Memory Usage (445260K) : metal3_nofill has 0 polygons
2026-06-06 16:18:46 +0200: Memory Usage (445260K) : metal3_text has 0 polygons
2026-06-06 16:18:46 +0200: Memory Usage (445388K) : metal3_OPC has 0 polygons
2026-06-06 16:18:46 +0200: Memory Usage (445644K) : metal3_noqrc has 0 polygons
2026-06-06 16:18:46 +0200: Memory Usage (445772K) : metal3_res has 0 polygons
2026-06-06 16:18:46 +0200: Memory Usage (445900K) : metal3_iprobe has 0 polygons
2026-06-06 16:18:46 +0200: Memory Usage (446028K) : metal3_diffprb has 0 polygons
2026-06-06 16:18:46 +0200: Memory Usage (446156K) : nwell_drw has 1 polygons
2026-06-06 16:18:46 +0200: Memory Usage (446284K) : nwell_pin has 0 polygons
2026-06-06 16:18:46 +0200: Memory Usage (446412K) : nwell_text has 0 polygons
2026-06-06 16:18:46 +0200: Memory Usage (446540K) : nbulay_drw has 0 polygons
2026-06-06 16:18:46 +0200: Memory Usage (446540K) : nbulay_pin has 0 polygons
2026-06-06 16:18:46 +0200: Memory Usage (446668K) : nbulay_block has 0 polygons
2026-06-06 16:18:46 +0200: Memory Usage (446668K) : emwind_drw has 0 polygons
2026-06-06 16:18:46 +0200: Memory Usage (446796K) : emwind_OPC has 0 polygons
2026-06-06 16:18:46 +0200: Memory Usage (446924K) : deepco_drw has 0 polygons
2026-06-06 16:18:46 +0200: Memory Usage (447052K) : mim_drw has 0 polygons
2026-06-06 16:18:46 +0200: Memory Usage (447308K) : edgeseal_drw has 0 polygons
2026-06-06 16:18:46 +0200: Memory Usage (447436K) : substrate_drw has 10 polygons
2026-06-06 16:18:46 +0200: Memory Usage (447436K) : substrate_text has 0 polygons
2026-06-06 16:18:46 +0200: Memory Usage (447564K) : dfpad_drw has 0 polygons
2026-06-06 16:18:46 +0200: Memory Usage (447692K) : dfpad_pillar has 0 polygons
2026-06-06 16:18:46 +0200: Memory Usage (447820K) : dfpad_sbump has 0 polygons
2026-06-06 16:18:46 +0200: Memory Usage (448076K) : thickgateox_drw has 1 polygons
2026-06-06 16:18:46 +0200: Memory Usage (448204K) : pldb_drw has 0 polygons
2026-06-06 16:18:46 +0200: Memory Usage (448332K) : pwell_drw has 0 polygons
2026-06-06 16:18:46 +0200: Memory Usage (448460K) : pwell_pin has 0 polygons
2026-06-06 16:18:46 +0200: Memory Usage (448588K) : pwell_block has 0 polygons
2026-06-06 16:18:46 +0200: Memory Usage (448716K) : ic_drw has 0 polygons
2026-06-06 16:18:46 +0200: Memory Usage (448844K) : via3_drw has 0 polygons
2026-06-06 16:18:46 +0200: Memory Usage (448972K) : metal4_drw has 0 polygons
2026-06-06 16:18:46 +0200: Memory Usage (449100K) : metal4_filler has 0 polygons
2026-06-06 16:18:46 +0200: Memory Usage (449356K) : metal4_slit has 0 polygons
2026-06-06 16:18:46 +0200: Memory Usage (449356K) : metal4 has 0 polygons
2026-06-06 16:18:46 +0200: Memory Usage (449356K) : metal4_pin has 0 polygons
2026-06-06 16:18:46 +0200: Memory Usage (449484K) : metal4_mask has 0 polygons
2026-06-06 16:18:46 +0200: Memory Usage (449484K) : metal4_nofill has 0 polygons
2026-06-06 16:18:46 +0200: Memory Usage (449612K) : metal4_text has 0 polygons
2026-06-06 16:18:46 +0200: Memory Usage (449612K) : metal4_OPC has 0 polygons
2026-06-06 16:18:46 +0200: Memory Usage (449740K) : metal4_noqrc has 0 polygons
2026-06-06 16:18:46 +0200: Memory Usage (449740K) : metal4_res has 0 polygons
2026-06-06 16:18:46 +0200: Memory Usage (449868K) : metal4_iprobe has 0 polygons
2026-06-06 16:18:46 +0200: Memory Usage (449996K) : metal4_diffprb has 0 polygons
2026-06-06 16:18:46 +0200: Memory Usage (450124K) : heattrans_drw has 20 polygons
2026-06-06 16:18:46 +0200: Memory Usage (450252K) : heatres_drw has 1 polygons
2026-06-06 16:18:46 +0200: Memory Usage (450380K) : fbe_drw has 0 polygons
2026-06-06 16:18:46 +0200: Memory Usage (450508K) : empoly_drw has 0 polygons
2026-06-06 16:18:46 +0200: Memory Usage (450636K) : digisub_drw has 0 polygons
2026-06-06 16:18:46 +0200: Memory Usage (450636K) : text_drw has 21 polygons
2026-06-06 16:18:46 +0200: Memory Usage (450892K) : via4_drw has 0 polygons
2026-06-06 16:18:46 +0200: Memory Usage (451020K) : metal5_drw has 0 polygons
2026-06-06 16:18:46 +0200: Memory Usage (451148K) : metal5_filler has 0 polygons
2026-06-06 16:18:46 +0200: Memory Usage (451276K) : metal5_slit has 0 polygons
2026-06-06 16:18:46 +0200: Memory Usage (451404K) : metal5 has 0 polygons
2026-06-06 16:18:46 +0200: Memory Usage (451532K) : metal5_pin has 0 polygons
2026-06-06 16:18:46 +0200: Memory Usage (451660K) : metal5_mask has 0 polygons
2026-06-06 16:18:46 +0200: Memory Usage (451788K) : metal5_nofill has 0 polygons
2026-06-06 16:18:46 +0200: Memory Usage (451916K) : metal5_text has 0 polygons
2026-06-06 16:18:46 +0200: Memory Usage (452044K) : metal5_OPC has 0 polygons
2026-06-06 16:18:46 +0200: Memory Usage (452172K) : metal5_noqrc has 0 polygons
2026-06-06 16:18:46 +0200: Memory Usage (452172K) : metal5_res has 0 polygons
2026-06-06 16:18:46 +0200: Memory Usage (452172K) : metal5_iprobe has 0 polygons
2026-06-06 16:18:46 +0200: Memory Usage (452300K) : metal5_diffprb has 0 polygons
2026-06-06 16:18:46 +0200: Memory Usage (452428K) : radhard_drw has 0 polygons
2026-06-06 16:18:46 +0200: Memory Usage (452556K) : memcap_drw has 0 polygons
2026-06-06 16:18:46 +0200: Memory Usage (452812K) : varicap_drw has 0 polygons
2026-06-06 16:18:46 +0200: Memory Usage (452812K) : intbondvia_drw has 0 polygons
2026-06-06 16:18:46 +0200: Memory Usage (452940K) : intbondmet_drw has 0 polygons
2026-06-06 16:18:46 +0200: Memory Usage (453068K) : devbondvia_drw has 0 polygons
2026-06-06 16:18:46 +0200: Memory Usage (453196K) : devbondmet_drw has 0 polygons
2026-06-06 16:18:46 +0200: Memory Usage (453452K) : devtrench_drw has 0 polygons
2026-06-06 16:18:46 +0200: Memory Usage (453580K) : redist_drw has 0 polygons
2026-06-06 16:18:46 +0200: Memory Usage (453708K) : graphbot_drw has 0 polygons
2026-06-06 16:18:46 +0200: Memory Usage (453836K) : graphtop_drw has 0 polygons
2026-06-06 16:18:46 +0200: Memory Usage (453964K) : antvia1_drw has 0 polygons
2026-06-06 16:18:46 +0200: Memory Usage (454092K) : antmetal2_drw has 0 polygons
2026-06-06 16:18:46 +0200: Memory Usage (454220K) : graphcont_drw has 0 polygons
2026-06-06 16:18:46 +0200: Memory Usage (454348K) : siwg_drw has 0 polygons
2026-06-06 16:18:46 +0200: Memory Usage (454476K) : siwg_filler has 0 polygons
2026-06-06 16:18:46 +0200: Memory Usage (454604K) : siwg_nofill has 0 polygons
2026-06-06 16:18:46 +0200: Memory Usage (454860K) : sigrating_drw has 0 polygons
2026-06-06 16:18:46 +0200: Memory Usage (454988K) : singrating_drw has 0 polygons
2026-06-06 16:18:46 +0200: Memory Usage (454988K) : graphpas_drw has 0 polygons
2026-06-06 16:18:46 +0200: Memory Usage (455116K) : emwind3_drw has 0 polygons
2026-06-06 16:18:46 +0200: Memory Usage (455244K) : emwihv3_drw has 0 polygons
2026-06-06 16:18:46 +0200: Memory Usage (455500K) : redbulay_drw has 0 polygons
2026-06-06 16:18:46 +0200: Memory Usage (455628K) : smos_drw has 0 polygons
2026-06-06 16:18:46 +0200: Memory Usage (455756K) : graphpad_drw has 0 polygons
2026-06-06 16:18:46 +0200: Memory Usage (455884K) : polimide_drw has 0 polygons
2026-06-06 16:18:46 +0200: Memory Usage (456012K) : polimide_pin has 0 polygons
2026-06-06 16:18:46 +0200: Memory Usage (456140K) : recog_drw has 0 polygons
2026-06-06 16:18:46 +0200: Memory Usage (456268K) : recog_pin has 0 polygons
2026-06-06 16:18:46 +0200: Memory Usage (456396K) : recog_esd has 0 polygons
2026-06-06 16:18:46 +0200: Memory Usage (456524K) : recog_diode has 0 polygons
2026-06-06 16:18:46 +0200: Memory Usage (456652K) : recog_tsv has 0 polygons
2026-06-06 16:18:46 +0200: Memory Usage (456908K) : recog_iprobe has 0 polygons
2026-06-06 16:18:46 +0200: Memory Usage (457036K) : recog_diffprb has 0 polygons
2026-06-06 16:18:46 +0200: Memory Usage (457164K) : recog_pillar has 0 polygons
2026-06-06 16:18:46 +0200: Memory Usage (457292K) : recog_sbump has 0 polygons
2026-06-06 16:18:46 +0200: Memory Usage (457420K) : recog_otp has 0 polygons
2026-06-06 16:18:46 +0200: Memory Usage (457548K) : recog_pdiode has 0 polygons
2026-06-06 16:18:46 +0200: Memory Usage (457676K) : recog_mom has 0 polygons
2026-06-06 16:18:46 +0200: Memory Usage (457804K) : recog_pcm has 0 polygons
2026-06-06 16:18:46 +0200: Memory Usage (457932K) : colopen_drw has 0 polygons
2026-06-06 16:18:46 +0200: Memory Usage (458060K) : graphmetal1_drw has 0 polygons
2026-06-06 16:18:46 +0200: Memory Usage (458316K) : graphmetal1_filler has 0 polygons
2026-06-06 16:18:46 +0200: Memory Usage (458444K) : graphmetal1_nofill has 0 polygons
2026-06-06 16:18:46 +0200: Memory Usage (458572K) : graphmetal1_slit has 0 polygons
2026-06-06 16:18:46 +0200: Memory Usage (458700K) : graphmetal1_OPC has 0 polygons
2026-06-06 16:18:46 +0200: Memory Usage (458828K) : graphmet1l_drw has 0 polygons
2026-06-06 16:18:46 +0200: Memory Usage (458956K) : graphmet1l_filler has 0 polygons
2026-06-06 16:18:46 +0200: Memory Usage (459084K) : graphmet1l_nofill has 0 polygons
2026-06-06 16:18:46 +0200: Memory Usage (459212K) : graphmet1l_slit has 0 polygons
2026-06-06 16:18:46 +0200: Memory Usage (459468K) : graphmet1l_OPC has 0 polygons
2026-06-06 16:18:46 +0200: Memory Usage (459596K) : extblock_drw has 1 polygons
2026-06-06 16:18:46 +0200: Memory Usage (459724K) : nldd_drw has 0 polygons
2026-06-06 16:18:46 +0200: Memory Usage (459852K) : pldd_drw has 0 polygons
2026-06-06 16:18:46 +0200: Memory Usage (459980K) : next_drw has 0 polygons
2026-06-06 16:18:46 +0200: Memory Usage (460108K) : pext_drw has 0 polygons
2026-06-06 16:18:46 +0200: Memory Usage (460236K) : nexthv_drw has 0 polygons
2026-06-06 16:18:46 +0200: Memory Usage (460364K) : pexthv_drw has 0 polygons
2026-06-06 16:18:46 +0200: Memory Usage (460492K) : graphgate_drw has 0 polygons
2026-06-06 16:18:46 +0200: Memory Usage (460748K) : sinwg_drw has 0 polygons
2026-06-06 16:18:46 +0200: Memory Usage (460876K) : sinwg_filler has 0 polygons
2026-06-06 16:18:46 +0200: Memory Usage (461004K) : sinwg_nofill has 0 polygons
2026-06-06 16:18:46 +0200: Memory Usage (461132K) : mempad_drw has 0 polygons
2026-06-06 16:18:46 +0200: Memory Usage (461448K) : topvia1_drw has 0 polygons
2026-06-06 16:18:46 +0200: Memory Usage (461448K) : topmetal1_drw has 0 polygons
2026-06-06 16:18:46 +0200: Memory Usage (461448K) : topmetal1_filler has 0 polygons
2026-06-06 16:18:46 +0200: Memory Usage (461448K) : topmetal1_slit has 0 polygons
2026-06-06 16:18:46 +0200: Memory Usage (461448K) : topmetal1 has 0 polygons
2026-06-06 16:18:46 +0200: Memory Usage (461448K) : topmetal1_pin has 0 polygons
2026-06-06 16:18:46 +0200: Memory Usage (461448K) : topmetal1_mask has 0 polygons
2026-06-06 16:18:46 +0200: Memory Usage (461448K) : topmetal1_nofill has 0 polygons
2026-06-06 16:18:46 +0200: Memory Usage (461448K) : topmetal1_text has 0 polygons
2026-06-06 16:18:46 +0200: Memory Usage (461448K) : topmetal1_noqrc has 0 polygons
2026-06-06 16:18:46 +0200: Memory Usage (461448K) : topmetal1_res has 0 polygons
2026-06-06 16:18:46 +0200: Memory Usage (461448K) : topmetal1_iprobe has 0 polygons
2026-06-06 16:18:46 +0200: Memory Usage (461448K) : topmetal1_diffprb has 0 polygons
2026-06-06 16:18:46 +0200: Memory Usage (461448K) : inldpwl_drw has 0 polygons
2026-06-06 16:18:46 +0200: Memory Usage (461448K) : polyres_drw has 1 polygons
2026-06-06 16:18:46 +0200: Memory Usage (461448K) : polyres_pin has 0 polygons
2026-06-06 16:18:46 +0200: Memory Usage (461448K) : vmim_drw has 0 polygons
2026-06-06 16:18:46 +0200: Memory Usage (461448K) : nbulaycut_drw has 0 polygons
2026-06-06 16:18:46 +0200: Memory Usage (461448K) : antmetal1_drw has 0 polygons
2026-06-06 16:18:46 +0200: Memory Usage (461448K) : topvia2_drw has 0 polygons
2026-06-06 16:18:46 +0200: Memory Usage (461448K) : topmetal2_drw has 0 polygons
2026-06-06 16:18:46 +0200: Memory Usage (461448K) : topmetal2_filler has 0 polygons
2026-06-06 16:18:46 +0200: Memory Usage (461448K) : topmetal2_slit has 0 polygons
2026-06-06 16:18:46 +0200: Memory Usage (461448K) : topmetal2 has 0 polygons
2026-06-06 16:18:46 +0200: Memory Usage (461448K) : topmetal2_pin has 0 polygons
2026-06-06 16:18:46 +0200: Memory Usage (461448K) : topmetal2_mask has 0 polygons
2026-06-06 16:18:46 +0200: Memory Usage (461448K) : topmetal2_nofill has 0 polygons
2026-06-06 16:18:46 +0200: Memory Usage (461448K) : topmetal2_text has 0 polygons
2026-06-06 16:18:46 +0200: Memory Usage (461448K) : topmetal2_noqrc has 0 polygons
2026-06-06 16:18:46 +0200: Memory Usage (461448K) : topmetal2_res has 0 polygons
2026-06-06 16:18:46 +0200: Memory Usage (461448K) : topmetal2_iprobe has 0 polygons
2026-06-06 16:18:46 +0200: Memory Usage (461448K) : topmetal2_diffprb has 0 polygons
2026-06-06 16:18:46 +0200: Memory Usage (461448K) : snsring_drw has 0 polygons
2026-06-06 16:18:46 +0200: Memory Usage (461576K) : sensor_drw has 0 polygons
2026-06-06 16:18:46 +0200: Memory Usage (461576K) : snsarms_drw has 0 polygons
2026-06-06 16:18:46 +0200: Memory Usage (461576K) : snscmosvia_drw has 0 polygons
2026-06-06 16:18:46 +0200: Memory Usage (461576K) : colwind_drw has 0 polygons
2026-06-06 16:18:46 +0200: Memory Usage (461576K) : flm_drw has 0 polygons
2026-06-06 16:18:46 +0200: Memory Usage (461576K) : hafniumox_drw has 0 polygons
2026-06-06 16:18:46 +0200: Memory Usage (461576K) : memvia_drw has 0 polygons
2026-06-06 16:18:46 +0200: Memory Usage (461576K) : thinfilmres_drw has 0 polygons
2026-06-06 16:18:46 +0200: Memory Usage (461576K) : rfmem_drw has 0 polygons
2026-06-06 16:18:46 +0200: Memory Usage (461576K) : norcx_drw has 0 polygons
2026-06-06 16:18:46 +0200: Memory Usage (461576K) : norcx_m2m3 has 0 polygons
2026-06-06 16:18:46 +0200: Memory Usage (461576K) : norcx_m2m4 has 0 polygons
2026-06-06 16:18:46 +0200: Memory Usage (461576K) : norcx_m2m5 has 0 polygons
2026-06-06 16:18:46 +0200: Memory Usage (461576K) : norcx_m2tm1 has 0 polygons
2026-06-06 16:18:46 +0200: Memory Usage (461576K) : norcx_m2tm2 has 0 polygons
2026-06-06 16:18:46 +0200: Memory Usage (461576K) : norcx_m3m4 has 0 polygons
2026-06-06 16:18:46 +0200: Memory Usage (461576K) : norcx_m3m5 has 0 polygons
2026-06-06 16:18:46 +0200: Memory Usage (461576K) : norcx_m3tm1 has 0 polygons
2026-06-06 16:18:46 +0200: Memory Usage (461576K) : norcx_m3tm2 has 0 polygons
2026-06-06 16:18:46 +0200: Memory Usage (461576K) : norcx_m4m5 has 0 polygons
2026-06-06 16:18:46 +0200: Memory Usage (461576K) : norcx_m4tm1 has 0 polygons
2026-06-06 16:18:46 +0200: Memory Usage (461576K) : norcx_m4tm2 has 0 polygons
2026-06-06 16:18:46 +0200: Memory Usage (461704K) : norcx_m5tm1 has 0 polygons
2026-06-06 16:18:46 +0200: Memory Usage (461704K) : norcx_m5tm2 has 0 polygons
2026-06-06 16:18:46 +0200: Memory Usage (461704K) : norcx_tm1tm2 has 0 polygons
2026-06-06 16:18:46 +0200: Memory Usage (461704K) : norcx_m1sub has 0 polygons
2026-06-06 16:18:46 +0200: Memory Usage (461704K) : norcx_m2sub has 0 polygons
2026-06-06 16:18:46 +0200: Memory Usage (461704K) : norcx_m3sub has 0 polygons
2026-06-06 16:18:46 +0200: Memory Usage (461832K) : norcx_m4sub has 0 polygons
2026-06-06 16:18:46 +0200: Memory Usage (461960K) : norcx_m5sub has 0 polygons
2026-06-06 16:18:46 +0200: Memory Usage (461960K) : norcx_tm1sub has 0 polygons
2026-06-06 16:18:46 +0200: Memory Usage (461960K) : norcx_tm2sub has 0 polygons
2026-06-06 16:18:46 +0200: Memory Usage (461960K) : snsbotvia_drw has 0 polygons
2026-06-06 16:18:46 +0200: Memory Usage (461960K) : snstopvia_drw has 0 polygons
2026-06-06 16:18:46 +0200: Memory Usage (461960K) : deepvia_drw has 0 polygons
2026-06-06 16:18:46 +0200: Memory Usage (461960K) : fgetch_drw has 0 polygons
2026-06-06 16:18:46 +0200: Memory Usage (461960K) : ctrgat_drw has 0 polygons
2026-06-06 16:18:46 +0200: Memory Usage (461960K) : fgimp_drw has 0 polygons
2026-06-06 16:18:46 +0200: Memory Usage (461960K) : emwihv_drw has 0 polygons
2026-06-06 16:18:46 +0200: Memory Usage (461960K) : lbe_drw has 0 polygons
2026-06-06 16:18:46 +0200: Memory Usage (461960K) : alcustop_drw has 0 polygons
2026-06-06 16:18:46 +0200: Memory Usage (461960K) : nometfiller_drw has 0 polygons
2026-06-06 16:18:46 +0200: Memory Usage (461960K) : prboundary_drw has 0 polygons
2026-06-06 16:18:46 +0200: Memory Usage (461960K) : exchange0_drw has 0 polygons
2026-06-06 16:18:46 +0200: Memory Usage (461960K) : exchange0_pin has 0 polygons
2026-06-06 16:18:46 +0200: Memory Usage (461960K) : exchange0_text has 0 polygons
2026-06-06 16:18:46 +0200: Memory Usage (461960K) : exchange1_drw has 0 polygons
2026-06-06 16:18:46 +0200: Memory Usage (461960K) : exchange1_pin has 0 polygons
2026-06-06 16:18:46 +0200: Memory Usage (461960K) : exchange1_text has 0 polygons
2026-06-06 16:18:46 +0200: Memory Usage (461960K) : exchange2_drw has 0 polygons
2026-06-06 16:18:46 +0200: Memory Usage (461960K) : exchange2_pin has 0 polygons
2026-06-06 16:18:46 +0200: Memory Usage (461960K) : exchange2_text has 0 polygons
2026-06-06 16:18:46 +0200: Memory Usage (461960K) : exchange3_drw has 0 polygons
2026-06-06 16:18:46 +0200: Memory Usage (461960K) : exchange3_pin has 0 polygons
2026-06-06 16:18:46 +0200: Memory Usage (461960K) : exchange3_text has 0 polygons
2026-06-06 16:18:46 +0200: Memory Usage (461960K) : exchange4_drw has 0 polygons
2026-06-06 16:18:46 +0200: Memory Usage (461960K) : exchange4_pin has 0 polygons
2026-06-06 16:18:46 +0200: Memory Usage (461960K) : exchange4_text has 0 polygons
2026-06-06 16:18:46 +0200: Memory Usage (461960K) : isonwell_drw has 0 polygons
2026-06-06 16:18:46 +0200: Memory Usage (461960K) : Total no. of polygons in the design is 293
2026-06-06 16:18:46 +0200: Memory Usage (461960K) : Starting CMOS5L Forbidden Layer Check
2026-06-06 16:18:46 +0200: Memory Usage (461960K) : CMOS5L Forbidden Layer Check: PASSED - No forbidden layers found
2026-06-06 16:18:46 +0200: Memory Usage (461960K) : CMOS5L Forbidden Layer Check: PASSED
2026-06-06 16:18:46 +0200: Memory Usage (461960K) : Starting base layers derivations
2026-06-06 16:18:46 +0200: Memory Usage (461960K) : Starting general LVS derivations
2026-06-06 16:18:46 +0200: Memory Usage (463336K) : Starting MOSFET DERIVATIONS
2026-06-06 16:18:46 +0200: Memory Usage (463520K) : Starting NMOS DERIVATIONS
2026-06-06 16:18:46 +0200: Memory Usage (463520K) : Starting PMOS DERIVATIONS
2026-06-06 16:18:46 +0200: Memory Usage (463520K) : Starting RF-MOSFET DERIVATIONS
2026-06-06 16:18:46 +0200: Memory Usage (463520K) : Starting RF-NMOS DERIVATIONS
2026-06-06 16:18:46 +0200: Memory Usage (463520K) : Starting RF-PMOS DERIVATIONS
2026-06-06 16:18:46 +0200: Memory Usage (463520K) : Starting BJT DERIVATIONS
2026-06-06 16:18:46 +0200: Memory Usage (463520K) : Starting NPN-BJT DERIVATIONS
2026-06-06 16:18:46 +0200: Memory Usage (463520K) : Starting PNP-BJT DERIVATIONS
2026-06-06 16:18:46 +0200: Memory Usage (463520K) : Starting DIODE DERIVATIONS
2026-06-06 16:18:46 +0200: Memory Usage (463520K) : Starting RESISTOR DERIVATIONS
2026-06-06 16:18:46 +0200: Memory Usage (463648K) : Starting CAP DERIVATIONS
2026-06-06 16:18:46 +0200: Memory Usage (466336K) : Starting CAP_MFRINGE DERIVATIONS
2026-06-06 16:18:46 +0200: Memory Usage (466592K) : Starting ESD DERIVATIONS
2026-06-06 16:18:46 +0200: Memory Usage (469024K) : Starting Inductor DERIVATIONS
2026-06-06 16:18:46 +0200: Memory Usage (469664K) : Starting Taps DERIVATIONS
2026-06-06 16:18:46 +0200: Memory Usage (469664K) : Starting SG13G2 LVS connectivity setup
2026-06-06 16:18:46 +0200: Memory Usage (469664K) : Starting SG13G2 LVS connectivity setup (Inter-layer)
2026-06-06 16:18:46 +0200: Memory Usage (469980K) : Starting SG13G2 LVS connectivity setup (Global)
2026-06-06 16:18:46 +0200: Memory Usage (469980K) : Starting LVS MOSFET CONNECTIONS
2026-06-06 16:18:46 +0200: Memory Usage (469980K) : Starting LVS RF-MOSFET CONNECTIONS
2026-06-06 16:18:46 +0200: Memory Usage (469980K) : Starting LVS BJT CONNECTIONS
2026-06-06 16:18:46 +0200: Memory Usage (469980K) : Starting LVS DIODE CONNECTIONS
2026-06-06 16:18:46 +0200: Memory Usage (469980K) : Starting RESISTOR CONNECTIONS
2026-06-06 16:18:46 +0200: Memory Usage (469980K) : Starting LVS CAP CONNECTIONS
2026-06-06 16:18:46 +0200: Memory Usage (469980K) : Starting ESD CONNECTIONS
2026-06-06 16:18:46 +0200: Memory Usage (469980K) : Starting Inductor CONNECTIONS
2026-06-06 16:18:46 +0200: Memory Usage (469980K) : Starting LVS Taps CONNECTIONS
2026-06-06 16:18:46 +0200: Memory Usage (469980K) : Starting CAP_MFRINGE CONNECTIONS
2026-06-06 16:18:46 +0200: Memory Usage (469980K) : Starting SG13CMOS5L LVS DEVICES EXTRACTION
2026-06-06 16:18:46 +0200: Memory Usage (469980K) : Starting MOSFET EXTRACTION
2026-06-06 16:18:46 +0200: Memory Usage (469980K) : Starting NMOS EXTRACTION
2026-06-06 16:18:46 +0200: Memory Usage (469980K) : Extraction of NMOS-LV transistor
2026-06-06 16:18:46 +0200: Memory Usage (470368K) : Extraction of NMOS-HV transistor
2026-06-06 16:18:46 +0200: Memory Usage (470368K) : Starting PMOS EXTRACTION
2026-06-06 16:18:46 +0200: Memory Usage (470368K) : Extraction of PMOS-LV transistor
2026-06-06 16:18:46 +0200: Memory Usage (470368K) : Extraction of PMOS-HV transistor
2026-06-06 16:18:46 +0200: Memory Usage (470368K) : Starting RF-MOSFET EXTRACTION
2026-06-06 16:18:46 +0200: Memory Usage (470368K) : Extraction of RF-NMOS-LV transistor
2026-06-06 16:18:46 +0200: Memory Usage (470368K) : Extraction of RF-NMOS-HV transistor
2026-06-06 16:18:46 +0200: Memory Usage (470368K) : Extraction of RF-PMOS-LV transistor
2026-06-06 16:18:46 +0200: Memory Usage (470368K) : Extraction of RF-PMOS-HV transistor
2026-06-06 16:18:46 +0200: Memory Usage (470368K) : Starting BJT EXTRACTION
2026-06-06 16:18:46 +0200: Memory Usage (470368K) : Starting NPN-BJT EXTRACTION
2026-06-06 16:18:46 +0200: Memory Usage (470368K) : Extraction of npn13G2 BJT transistor
2026-06-06 16:18:46 +0200: Memory Usage (470368K) : Extraction of npn13G2L BJT transistor
2026-06-06 16:18:46 +0200: Memory Usage (470368K) : Extraction of npn13G2V BJT transistor
2026-06-06 16:18:46 +0200: Memory Usage (470368K) : Starting PNP-BJT EXTRACTION
2026-06-06 16:18:46 +0200: Memory Usage (470368K) : Extracting pnpMPA BJT
2026-06-06 16:18:46 +0200: Memory Usage (470368K) : Starting DIODE EXTRACTION
2026-06-06 16:18:46 +0200: Memory Usage (470368K) : Extracting dantenna diode
2026-06-06 16:18:46 +0200: Memory Usage (470368K) : Extracting dpantenna diode
2026-06-06 16:18:46 +0200: Memory Usage (470368K) : Extracting schottky_nbl1 diode
2026-06-06 16:18:46 +0200: Memory Usage (470368K) : Extracting isolbox diode
2026-06-06 16:18:46 +0200: Memory Usage (470368K) : Starting RESISTOR EXTRACTION
2026-06-06 16:18:46 +0200: Memory Usage (470368K) : Extracting rsil resistor
2026-06-06 16:18:46 +0200: Memory Usage (470368K) : Extracting rppd resistor
2026-06-06 16:18:46 +0200: Memory Usage (470920K) : Extracting rhigh resistor
2026-06-06 16:18:46 +0200: Memory Usage (470920K) : Extracting res_metal1 resistor
2026-06-06 16:18:46 +0200: Memory Usage (470920K) : Extracting res_metal2 resistor
2026-06-06 16:18:46 +0200: Memory Usage (470920K) : Extracting res_metal3 resistor
2026-06-06 16:18:46 +0200: Memory Usage (470920K) : Extracting res_metal4 resistor
2026-06-06 16:18:46 +0200: Memory Usage (470920K) : Extracting res_metal5 resistor
2026-06-06 16:18:46 +0200: Memory Usage (470920K) : Extracting res_topmetal1 resistor
2026-06-06 16:18:46 +0200: Memory Usage (470920K) : Extracting res_topmetal2 resistor
2026-06-06 16:18:46 +0200: Memory Usage (470920K) : Starting CAP EXTRACTION
2026-06-06 16:18:46 +0200: Memory Usage (470920K) : Extracting cap_cmim device
2026-06-06 16:18:46 +0200: Memory Usage (470920K) : Extracting rfcmim device
2026-06-06 16:18:46 +0200: Memory Usage (470920K) : Extracting sg13_hv_svaricap varactor
2026-06-06 16:18:46 +0200: Memory Usage (470920K) : Extracting cap_mfringe device
2026-06-06 16:18:46 +0200: Memory Usage (470920K) : Starting ESD EXTRACTION
2026-06-06 16:18:46 +0200: Memory Usage (470920K) : Extracting diodevdd_2kv ESD device
2026-06-06 16:18:46 +0200: Memory Usage (470920K) : Extracting diodevdd_4kv ESD device
2026-06-06 16:18:46 +0200: Memory Usage (470920K) : Extracting diodevss_2kv ESD device
2026-06-06 16:18:46 +0200: Memory Usage (470920K) : Extracting diodevss_4kv ESD device
2026-06-06 16:18:46 +0200: Memory Usage (470920K) : Extracting idiodevdd_2kv ESD device
2026-06-06 16:18:46 +0200: Memory Usage (470920K) : Extracting idiodevdd_4kv ESD device
2026-06-06 16:18:46 +0200: Memory Usage (470920K) : Extracting idiodevss_2kv ESD device
2026-06-06 16:18:46 +0200: Memory Usage (470920K) : Extracting idiodevss_4kv ESD device
2026-06-06 16:18:46 +0200: Memory Usage (470920K) : Extracting nmoscl_2 ESD device
2026-06-06 16:18:46 +0200: Memory Usage (470920K) : Extracting nmoscl_4 ESD device
2026-06-06 16:18:46 +0200: Memory Usage (470920K) : Starting Inductor EXTRACTION
2026-06-06 16:18:46 +0200: Memory Usage (470920K) : Extracting Inductor2 device
2026-06-06 16:18:46 +0200: Memory Usage (470920K) : Extracting Inductor3 device
2026-06-06 16:18:46 +0200: Memory Usage (470920K) : Starting Taps EXTRACTION
2026-06-06 16:18:46 +0200: Memory Usage (470920K) : Extracting ntap1 device
2026-06-06 16:18:46 +0200: Memory Usage (470920K) : Extracting ptap1 device
2026-06-06 16:18:46 +0200: Memory Usage (470920K) : Starting SG13CMOS5L LVS RF MOS Model Mapping
2026-06-06 16:18:46 +0200: Memory Usage (470920K) : [layout_netlist] Apply RF MOS model mapping and rfmode parameter.
2026-06-06 16:18:46 +0200: Memory Usage (470920K) : Starting SG13CMOS5L LVS Options Preparations
2026-06-06 16:18:46 +0200: Memory Usage (470920K) : SG13CMOS5L LVS flow: extraction -> alignment -> option preparation -> comparison.
2026-06-06 16:18:46 +0200: Memory Usage (470920K) : Starting SG13CMOS5L LVS Alignment
2026-06-06 16:19:34 +0200: Memory Usage (433084K) : Starting running SG13CMOS5L Klayout LVS runset on /foss/designs/master/bandgap_res/const_gm_bias.gds
2026-06-06 16:19:34 +0200: Memory Usage (433084K) : Ruby Version for klayout: 3.2.3
2026-06-06 16:19:34 +0200: Memory Usage (434468K) : Loading database to memory is complete.
2026-06-06 16:19:34 +0200: Memory Usage (434468K) : SG13CMOS5L Klayout LVS runset output at: /foss/designs/master/lvs/const_gm_bias.lvsdb
2026-06-06 16:19:34 +0200: Memory Usage (434468K) : Evaluate switches.
2026-06-06 16:19:34 +0200: Memory Usage (434468K) : Extracted netlist with net names: true
2026-06-06 16:19:34 +0200: Memory Usage (434468K) : Extracted netlist with comments in details: false
2026-06-06 16:19:34 +0200: Memory Usage (434468K) : Selected NET_ONLY option: false
2026-06-06 16:19:34 +0200: Memory Usage (434468K) : Selected LAYOUT_NETLIST option: /foss/designs/master/simulations/const_gm_bias.spice
2026-06-06 16:19:34 +0200: Memory Usage (434468K) : Selected IGNORE_TOP_PORTS_MISMATCH option: 
2026-06-06 16:19:34 +0200: Memory Usage (434468K) : Selected IMPLICIT_NETS option: (none)
2026-06-06 16:19:34 +0200: Memory Usage (434468K) : Selected TOP_LVL_PINS option: false
2026-06-06 16:19:34 +0200: Memory Usage (434468K) : Selected COMBINE DEVICES option: false
2026-06-06 16:19:34 +0200: Memory Usage (434468K) : Selected PURGE option: false
2026-06-06 16:19:34 +0200: Memory Usage (434468K) : Selected PURGE_NETS option: false
2026-06-06 16:19:34 +0200: Memory Usage (434468K) : Selected SIMPLIFY option: true
2026-06-06 16:19:34 +0200: Memory Usage (434468K) : Selected SERIES_RES option: true
2026-06-06 16:19:34 +0200: Memory Usage (434468K) : Selected PARALLEL_RES option: true
2026-06-06 16:19:34 +0200: Memory Usage (434468K) : deep  mode is enabled.
2026-06-06 16:19:34 +0200: Memory Usage (434640K) : Netlist file: /foss/designs/master/simulations/const_gm_bias.spice
2026-06-06 16:19:34 +0200: Memory Usage (434640K) : LVS extracted netlist at: /foss/designs/master/lvs/const_gm_bias_extracted.cir
2026-06-06 16:19:34 +0200: Memory Usage (434640K) : Applying SRAM integration support.
2026-06-06 16:19:34 +0200: Memory Usage (434640K) : Starting SG13CMOS5L LVS runset
2026-06-06 16:19:34 +0200: Memory Usage (434640K) : LAYOUT_NETLIST enabled: skipping derivations/connectivity/extraction and loading layout netlist from file.
2026-06-06 16:19:34 +0200: Memory Usage (435212K) : Layout-side netlist file: /foss/designs/master/simulations/const_gm_bias.spice
2026-06-06 16:19:34 +0200: Memory Usage (435212K) : Starting SG13CMOS5L LVS RF MOS Model Mapping
2026-06-06 16:19:34 +0200: Memory Usage (435212K) : [layout_netlist] Apply RF MOS model mapping and rfmode parameter.
2026-06-06 16:19:34 +0200: Memory Usage (435340K) : Starting SG13CMOS5L LVS Options Preparations
2026-06-06 16:19:34 +0200: Memory Usage (435340K) : SG13CMOS5L LVS flow: layout_netlist input -> alignment -> option preparation -> comparison.
2026-06-06 16:19:34 +0200: Memory Usage (435340K) : Starting SG13CMOS5L LVS Alignment
2026-06-06 16:19:34 +0200: Memory Usage (435340K) : Starting SG13CMOS5L LVS Simplification
2026-06-06 16:19:34 +0200: Memory Usage (435340K) : [layout_netlist] simplify: ENABLED
2026-06-06 16:19:34 +0200: Memory Usage (435340K) : [layout_netlist] make_top_level_pins: SKIPPED
2026-06-06 16:19:34 +0200: Memory Usage (435340K) : [layout_netlist] combine_devices: SKIPPED
2026-06-06 16:19:34 +0200: Memory Usage (435340K) : [layout_netlist] purge: SKIPPED
2026-06-06 16:19:34 +0200: Memory Usage (435340K) : [layout_netlist] purge_nets: SKIPPED
2026-06-06 16:19:34 +0200: Memory Usage (435340K) : [schematic_netlist] simplify: ENABLED
2026-06-06 16:19:34 +0200: Memory Usage (435340K) : [schematic_netlist] make_top_level_pins: SKIPPED
2026-06-06 16:19:34 +0200: Memory Usage (435340K) : [schematic_netlist] combine_devices: SKIPPED
2026-06-06 16:19:34 +0200: Memory Usage (435340K) : [schematic_netlist] purge: SKIPPED
2026-06-06 16:19:34 +0200: Memory Usage (435340K) : [schematic_netlist] purge_nets: SKIPPED
2026-06-06 16:19:34 +0200: Memory Usage (435340K) : Starting SG13CMOS5L LVS Comparison in strict port mode.
2026-06-06 16:19:34 +0200: Memory Usage (435340K) : flag_missing_ports enabled: missing/mislabeled top-level ports are treated as errors.
2026-06-06 16:19:34 +0200: Memory Usage (435660K) : ==========================================
2026-06-06 16:19:34 +0200: Memory Usage (435660K) : INFO : Congratulations! Netlists match.
2026-06-06 16:19:34 +0200: Memory Usage (435660K) : ==========================================
2026-06-06 16:19:34 +0200: Memory Usage (435660K) : LVS Total Run time 0.009884 seconds
2026-06-06 16:20:14 +0200: Memory Usage (433104K) : Starting running SG13CMOS5L Klayout LVS runset on /foss/designs/master/bandgap_res/const_gm_bias.gds
2026-06-06 16:20:14 +0200: Memory Usage (433104K) : Ruby Version for klayout: 3.2.3
2026-06-06 16:20:14 +0200: Memory Usage (434488K) : Loading database to memory is complete.
2026-06-06 16:20:14 +0200: Memory Usage (434488K) : SG13CMOS5L Klayout LVS runset output at: /foss/designs/master/lvs/const_gm_bias.lvsdb
2026-06-06 16:20:14 +0200: Memory Usage (434488K) : Evaluate switches.
2026-06-06 16:20:14 +0200: Memory Usage (434488K) : Extracted netlist with net names: true
2026-06-06 16:20:14 +0200: Memory Usage (434488K) : Extracted netlist with comments in details: false
2026-06-06 16:20:14 +0200: Memory Usage (434488K) : Selected NET_ONLY option: false
2026-06-06 16:20:14 +0200: Memory Usage (434488K) : Selected LAYOUT_NETLIST option: /foss/designs/master/simulations/const_gm_bias.spice
2026-06-06 16:20:14 +0200: Memory Usage (434488K) : Selected IGNORE_TOP_PORTS_MISMATCH option: 
2026-06-06 16:20:14 +0200: Memory Usage (434488K) : Selected IMPLICIT_NETS option: (none)
2026-06-06 16:20:14 +0200: Memory Usage (434488K) : Selected TOP_LVL_PINS option: false
2026-06-06 16:20:14 +0200: Memory Usage (434488K) : Selected COMBINE DEVICES option: false
2026-06-06 16:20:14 +0200: Memory Usage (434488K) : Selected PURGE option: false
2026-06-06 16:20:14 +0200: Memory Usage (434488K) : Selected PURGE_NETS option: false
2026-06-06 16:20:14 +0200: Memory Usage (434488K) : Selected SIMPLIFY option: true
2026-06-06 16:20:14 +0200: Memory Usage (434488K) : Selected SERIES_RES option: true
2026-06-06 16:20:14 +0200: Memory Usage (434488K) : Selected PARALLEL_RES option: true
2026-06-06 16:20:14 +0200: Memory Usage (434488K) : deep  mode is enabled.
2026-06-06 16:20:14 +0200: Memory Usage (434668K) : Netlist file: /foss/designs/master/simulations/const_gm_bias.spice
2026-06-06 16:20:14 +0200: Memory Usage (434668K) : LVS extracted netlist at: /foss/designs/master/lvs/const_gm_bias_extracted.cir
2026-06-06 16:20:14 +0200: Memory Usage (434668K) : Applying SRAM integration support.
2026-06-06 16:20:14 +0200: Memory Usage (434668K) : Starting SG13CMOS5L LVS runset
2026-06-06 16:20:14 +0200: Memory Usage (434668K) : LAYOUT_NETLIST enabled: skipping derivations/connectivity/extraction and loading layout netlist from file.
2026-06-06 16:20:14 +0200: Memory Usage (435240K) : Layout-side netlist file: /foss/designs/master/simulations/const_gm_bias.spice
2026-06-06 16:20:14 +0200: Memory Usage (435240K) : Starting SG13CMOS5L LVS RF MOS Model Mapping
2026-06-06 16:20:14 +0200: Memory Usage (435240K) : [layout_netlist] Apply RF MOS model mapping and rfmode parameter.
2026-06-06 16:20:14 +0200: Memory Usage (435368K) : Starting SG13CMOS5L LVS Options Preparations
2026-06-06 16:20:14 +0200: Memory Usage (435368K) : SG13CMOS5L LVS flow: layout_netlist input -> alignment -> option preparation -> comparison.
2026-06-06 16:20:14 +0200: Memory Usage (435368K) : Starting SG13CMOS5L LVS Alignment
2026-06-06 16:20:14 +0200: Memory Usage (435368K) : Starting SG13CMOS5L LVS Simplification
2026-06-06 16:20:14 +0200: Memory Usage (435368K) : [layout_netlist] simplify: ENABLED
2026-06-06 16:20:14 +0200: Memory Usage (435368K) : [layout_netlist] make_top_level_pins: SKIPPED
2026-06-06 16:20:14 +0200: Memory Usage (435368K) : [layout_netlist] combine_devices: SKIPPED
2026-06-06 16:20:14 +0200: Memory Usage (435368K) : [layout_netlist] purge: SKIPPED
2026-06-06 16:20:14 +0200: Memory Usage (435368K) : [layout_netlist] purge_nets: SKIPPED
2026-06-06 16:20:14 +0200: Memory Usage (435368K) : [schematic_netlist] simplify: ENABLED
2026-06-06 16:20:14 +0200: Memory Usage (435368K) : [schematic_netlist] make_top_level_pins: SKIPPED
2026-06-06 16:20:14 +0200: Memory Usage (435368K) : [schematic_netlist] combine_devices: SKIPPED
2026-06-06 16:20:14 +0200: Memory Usage (435368K) : [schematic_netlist] purge: SKIPPED
2026-06-06 16:20:14 +0200: Memory Usage (435368K) : [schematic_netlist] purge_nets: SKIPPED
2026-06-06 16:20:14 +0200: Memory Usage (435368K) : Starting SG13CMOS5L LVS Comparison in strict port mode.
2026-06-06 16:20:14 +0200: Memory Usage (435368K) : flag_missing_ports enabled: missing/mislabeled top-level ports are treated as errors.
2026-06-06 16:20:14 +0200: Memory Usage (435684K) : ==========================================
2026-06-06 16:20:14 +0200: Memory Usage (435684K) : INFO : Congratulations! Netlists match.
2026-06-06 16:20:14 +0200: Memory Usage (435684K) : ==========================================
2026-06-06 16:20:14 +0200: Memory Usage (435684K) : LVS Total Run time 0.005375 seconds
